nohup: ignoring input

                                      image_path       label
0      ./images/Kyrgyzstan/canvas_1630252774.jpg  Kyrgyzstan
1      ./images/Kyrgyzstan/canvas_1629791554.jpg  Kyrgyzstan
2      ./images/Kyrgyzstan/canvas_1630068041.jpg  Kyrgyzstan
3      ./images/Kyrgyzstan/canvas_1629731968.jpg  Kyrgyzstan
4      ./images/Kyrgyzstan/canvas_1629764202.jpg  Kyrgyzstan
...                                          ...         ...
49992     ./images/Czechia/canvas_1629790356.jpg     Czechia
49993     ./images/Czechia/canvas_1629614385.jpg     Czechia
49994     ./images/Czechia/canvas_1630102807.jpg     Czechia
49995     ./images/Czechia/canvas_1630124941.jpg     Czechia
49996     ./images/Czechia/canvas_1629935470.jpg     Czechia

[49997 rows x 2 columns]
Original dataset shape: (49984, 2)
Train dataset shape: (39987, 2)
Test dataset shape: (9997, 2)

  0%|          | 0.00/82.7M [00:00<?, ?B/s]
  9%|▉         | 7.25M/82.7M [00:00<00:01, 75.5MB/s]
 19%|█▊        | 15.5M/82.7M [00:00<00:00, 81.7MB/s]
 28%|██▊       | 23.4M/82.7M [00:00<00:00, 80.3MB/s]
 38%|███▊      | 31.4M/82.7M [00:00<00:00, 81.2MB/s]
 48%|████▊     | 39.6M/82.7M [00:00<00:00, 80.7MB/s]
 57%|█████▋    | 47.4M/82.7M [00:00<00:00, 80.5MB/s]
 67%|██████▋   | 55.1M/82.7M [00:00<00:00, 77.8MB/s]
 76%|███████▌  | 62.8M/82.7M [00:00<00:00, 78.4MB/s]
 85%|████████▍ | 70.2M/82.7M [00:00<00:00, 77.7MB/s]
 94%|█████████▍| 77.8M/82.7M [00:01<00:00, 76.1MB/s]
100%|██████████| 82.7M/82.7M [00:01<00:00, 78.4MB/s]
Total number of parameters: 20336332

  0%|          | 0/5000 [00:00<?, ?it/s]
  0%|          | 1/5000 [03:13<268:05:14, 193.06s/it]Epoch [1/5000], Loss: 3.0580
Accuracy on test set: 28.85%
F1 Score: 0.1645
-----------------------------

  0%|          | 2/5000 [06:24<266:50:25, 192.20s/it]
  0%|          | 3/5000 [09:36<266:43:16, 192.15s/it]
  0%|          | 4/5000 [12:48<266:15:11, 191.86s/it]
  0%|          | 5/5000 [15:59<266:04:13, 191.76s/it]
  0%|          | 6/5000 [19:12<266:20:36, 192.00s/it]
  0%|          | 7/5000 [22:24<266:16:02, 191.98s/it]
  0%|          | 8/5000 [25:36<266:13:31, 191.99s/it]
  0%|          | 9/5000 [28:46<265:40:13, 191.63s/it]
  0%|          | 10/5000 [31:58<265:46:39, 191.74s/it]
  0%|          | 11/5000 [35:10<265:29:08, 191.57s/it]
  0%|          | 12/5000 [38:21<265:24:00, 191.55s/it]
  0%|          | 13/5000 [41:32<265:12:01, 191.44s/it]
  0%|          | 14/5000 [44:44<265:02:36, 191.37s/it]
  0%|          | 15/5000 [47:55<265:08:54, 191.48s/it]
  0%|          | 16/5000 [51:07<265:00:15, 191.42s/it]
  0%|          | 17/5000 [54:18<265:09:16, 191.56s/it]
  0%|          | 18/5000 [57:29<264:46:04, 191.32s/it]
  0%|          | 19/5000 [1:00:41<264:44:04, 191.34s/it]
  0%|          | 20/5000 [1:03:53<265:09:29, 191.68s/it]
  0%|          | 21/5000 [1:07:05<265:07:08, 191.69s/it]Epoch [21/5000], Loss: 0.7049
Accuracy on test set: 54.62%
F1 Score: 0.5365
-----------------------------

  0%|          | 22/5000 [1:10:17<265:14:00, 191.81s/it]
  0%|          | 23/5000 [1:13:28<264:47:34, 191.53s/it]
  0%|          | 24/5000 [1:16:39<264:24:27, 191.29s/it]
  0%|          | 25/5000 [1:19:49<263:59:56, 191.03s/it]
  1%|          | 26/5000 [1:23:00<263:59:30, 191.07s/it]
  1%|          | 27/5000 [1:26:12<264:19:18, 191.34s/it]
  1%|          | 28/5000 [1:29:23<264:14:46, 191.33s/it]
  1%|          | 29/5000 [1:32:35<264:22:30, 191.46s/it]
  1%|          | 30/5000 [1:35:46<264:00:35, 191.23s/it]
  1%|          | 31/5000 [1:38:56<263:40:36, 191.03s/it]
  1%|          | 32/5000 [1:42:07<263:23:08, 190.86s/it]
  1%|          | 33/5000 [1:45:19<263:55:47, 191.29s/it]
  1%|          | 34/5000 [1:48:32<264:29:58, 191.74s/it]
  1%|          | 35/5000 [1:51:43<264:08:41, 191.52s/it]
  1%|          | 36/5000 [1:54:54<264:04:02, 191.51s/it]
  1%|          | 37/5000 [1:58:06<264:03:02, 191.53s/it]
  1%|          | 38/5000 [2:01:20<264:50:46, 192.15s/it]
  1%|          | 39/5000 [2:04:31<264:35:48, 192.01s/it]
  1%|          | 40/5000 [2:07:42<264:08:54, 191.72s/it]
  1%|          | 41/5000 [2:10:53<263:45:50, 191.48s/it]Epoch [41/5000], Loss: 0.2466
Accuracy on test set: 55.52%
F1 Score: 0.5453
-----------------------------

  1%|          | 42/5000 [2:14:05<263:37:56, 191.42s/it]
  1%|          | 43/5000 [2:17:16<263:35:43, 191.43s/it]
  1%|          | 44/5000 [2:20:28<263:39:24, 191.52s/it]
  1%|          | 45/5000 [2:23:38<263:13:29, 191.24s/it]
  1%|          | 46/5000 [2:26:49<263:02:41, 191.15s/it]
  1%|          | 47/5000 [2:30:00<262:43:18, 190.95s/it]
  1%|          | 48/5000 [2:33:13<263:29:39, 191.55s/it]
  1%|          | 49/5000 [2:36:25<263:43:58, 191.77s/it]
  1%|          | 50/5000 [2:39:37<263:51:51, 191.90s/it]
  1%|          | 51/5000 [2:42:48<263:31:20, 191.69s/it]
  1%|          | 52/5000 [2:46:00<263:29:48, 191.71s/it]
  1%|          | 53/5000 [2:49:12<263:40:07, 191.88s/it]
  1%|          | 54/5000 [2:52:24<263:23:39, 191.71s/it]
  1%|          | 55/5000 [2:55:36<263:29:53, 191.83s/it]
  1%|          | 56/5000 [2:58:48<263:30:21, 191.87s/it]
  1%|          | 57/5000 [3:01:59<263:12:03, 191.69s/it]
  1%|          | 58/5000 [3:05:10<262:58:47, 191.57s/it]
  1%|          | 59/5000 [3:08:21<262:23:07, 191.17s/it]
  1%|          | 60/5000 [3:11:32<262:15:45, 191.12s/it]
  1%|          | 61/5000 [3:14:42<262:05:19, 191.03s/it]Epoch [61/5000], Loss: 0.1528
Accuracy on test set: 56.32%
F1 Score: 0.5402
-----------------------------

  1%|          | 62/5000 [3:17:53<261:54:46, 190.94s/it]
  1%|▏         | 63/5000 [3:21:04<261:57:14, 191.01s/it]
  1%|▏         | 64/5000 [3:24:16<262:03:06, 191.12s/it]
  1%|▏         | 65/5000 [3:27:27<262:13:10, 191.28s/it]
  1%|▏         | 66/5000 [3:30:39<262:15:54, 191.36s/it]
  1%|▏         | 67/5000 [3:33:49<261:46:22, 191.04s/it]
  1%|▏         | 68/5000 [3:37:00<261:31:56, 190.90s/it]
  1%|▏         | 69/5000 [3:40:11<261:24:34, 190.85s/it]
  1%|▏         | 70/5000 [3:43:21<261:08:58, 190.70s/it]
  1%|▏         | 71/5000 [3:46:32<261:15:39, 190.82s/it]
  1%|▏         | 72/5000 [3:49:43<261:09:06, 190.78s/it]
  1%|▏         | 73/5000 [3:52:53<261:01:39, 190.72s/it]
  1%|▏         | 74/5000 [3:56:03<260:36:45, 190.46s/it]
  2%|▏         | 75/5000 [3:59:14<260:41:12, 190.55s/it]
  2%|▏         | 76/5000 [4:02:24<260:19:34, 190.33s/it]
  2%|▏         | 77/5000 [4:05:34<260:23:42, 190.42s/it]
  2%|▏         | 78/5000 [4:08:45<260:21:52, 190.43s/it]
  2%|▏         | 79/5000 [4:11:56<260:30:40, 190.58s/it]
  2%|▏         | 80/5000 [4:15:07<260:34:05, 190.66s/it]
  2%|▏         | 81/5000 [4:18:18<260:46:11, 190.85s/it]Epoch [81/5000], Loss: 0.1282
Accuracy on test set: 56.76%
F1 Score: 0.5491
-----------------------------

  2%|▏         | 82/5000 [4:21:30<261:12:51, 191.21s/it]
  2%|▏         | 83/5000 [4:24:41<261:11:54, 191.24s/it]
  2%|▏         | 84/5000 [4:27:53<261:17:30, 191.34s/it]
  2%|▏         | 85/5000 [4:31:05<261:27:00, 191.50s/it]
  2%|▏         | 86/5000 [4:34:16<261:13:25, 191.37s/it]
  2%|▏         | 87/5000 [4:37:28<261:24:19, 191.54s/it]
  2%|▏         | 88/5000 [4:40:40<261:34:01, 191.70s/it]
  2%|▏         | 89/5000 [4:43:52<261:47:17, 191.90s/it]
  2%|▏         | 90/5000 [4:47:04<261:49:39, 191.97s/it]
  2%|▏         | 91/5000 [4:50:18<262:19:46, 192.38s/it]
  2%|▏         | 92/5000 [4:53:29<261:48:23, 192.03s/it]
  2%|▏         | 93/5000 [4:56:39<261:10:12, 191.61s/it]
  2%|▏         | 94/5000 [4:59:50<260:50:21, 191.40s/it]
  2%|▏         | 95/5000 [5:03:02<260:47:33, 191.41s/it]
  2%|▏         | 96/5000 [5:06:15<261:18:25, 191.82s/it]
  2%|▏         | 97/5000 [5:09:26<260:55:51, 191.59s/it]
  2%|▏         | 98/5000 [5:12:38<261:14:36, 191.86s/it]
  2%|▏         | 99/5000 [5:15:48<260:33:37, 191.39s/it]
  2%|▏         | 100/5000 [5:18:59<260:12:21, 191.17s/it]
  2%|▏         | 101/5000 [5:22:11<260:39:38, 191.54s/it]Epoch [101/5000], Loss: 0.0949
Accuracy on test set: 56.48%
F1 Score: 0.5506
-----------------------------

  2%|▏         | 102/5000 [5:25:24<260:52:04, 191.74s/it]
  2%|▏         | 103/5000 [5:28:35<260:51:56, 191.77s/it]
  2%|▏         | 104/5000 [5:31:47<260:30:03, 191.54s/it]
  2%|▏         | 105/5000 [5:34:57<260:08:45, 191.32s/it]
  2%|▏         | 106/5000 [5:38:08<259:51:26, 191.15s/it]
  2%|▏         | 107/5000 [5:41:19<259:51:37, 191.19s/it]
  2%|▏         | 108/5000 [5:44:30<259:42:50, 191.12s/it]
  2%|▏         | 109/5000 [5:47:42<259:42:33, 191.16s/it]
  2%|▏         | 110/5000 [5:50:53<259:49:54, 191.29s/it]
  2%|▏         | 111/5000 [5:54:05<259:57:33, 191.42s/it]
  2%|▏         | 112/5000 [5:57:16<259:58:07, 191.47s/it]
  2%|▏         | 113/5000 [6:00:28<259:55:34, 191.47s/it]
  2%|▏         | 114/5000 [6:03:39<259:33:57, 191.25s/it]
  2%|▏         | 115/5000 [6:06:50<259:37:12, 191.33s/it]
  2%|▏         | 116/5000 [6:10:01<259:31:57, 191.30s/it]
  2%|▏         | 117/5000 [6:13:13<259:34:06, 191.37s/it]
  2%|▏         | 118/5000 [6:16:24<259:20:48, 191.24s/it]
  2%|▏         | 119/5000 [6:19:36<259:34:11, 191.45s/it]
  2%|▏         | 120/5000 [6:22:47<259:18:21, 191.29s/it]
  2%|▏         | 121/5000 [6:25:58<259:19:43, 191.35s/it]Epoch [121/5000], Loss: 0.0797
Accuracy on test set: 57.39%
F1 Score: 0.5544
-----------------------------

  2%|▏         | 122/5000 [6:29:10<259:31:04, 191.53s/it]
  2%|▏         | 123/5000 [6:32:22<259:33:23, 191.59s/it]
  2%|▏         | 124/5000 [6:35:34<259:36:10, 191.67s/it]
  2%|▎         | 125/5000 [6:38:46<259:40:46, 191.76s/it]
  3%|▎         | 126/5000 [6:41:57<259:36:02, 191.74s/it]
  3%|▎         | 127/5000 [6:45:10<259:50:04, 191.96s/it]
  3%|▎         | 128/5000 [6:48:22<259:43:56, 191.92s/it]
  3%|▎         | 129/5000 [6:51:33<259:31:14, 191.80s/it]
  3%|▎         | 130/5000 [6:54:45<259:16:06, 191.66s/it]
  3%|▎         | 131/5000 [6:57:56<259:06:36, 191.58s/it]
  3%|▎         | 132/5000 [7:01:08<259:14:17, 191.71s/it]
  3%|▎         | 133/5000 [7:04:21<259:33:22, 191.99s/it]
  3%|▎         | 134/5000 [7:07:32<259:07:51, 191.71s/it]
  3%|▎         | 135/5000 [7:10:43<258:53:54, 191.58s/it]
  3%|▎         | 136/5000 [7:13:53<258:15:48, 191.15s/it]
  3%|▎         | 137/5000 [7:17:05<258:22:03, 191.27s/it]
  3%|▎         | 138/5000 [7:20:17<258:42:19, 191.55s/it]
  3%|▎         | 139/5000 [7:23:28<258:33:04, 191.48s/it]
  3%|▎         | 140/5000 [7:26:38<258:00:51, 191.12s/it]
  3%|▎         | 141/5000 [7:29:50<258:02:32, 191.18s/it]Epoch [141/5000], Loss: 0.0727
Accuracy on test set: 57.45%
F1 Score: 0.5595
-----------------------------

  3%|▎         | 142/5000 [7:33:01<258:05:13, 191.25s/it]
  3%|▎         | 143/5000 [7:36:12<257:57:10, 191.19s/it]
  3%|▎         | 144/5000 [7:39:23<257:51:06, 191.16s/it]
  3%|▎         | 145/5000 [7:42:35<257:53:59, 191.23s/it]
  3%|▎         | 146/5000 [7:45:46<257:41:22, 191.12s/it]
  3%|▎         | 147/5000 [7:48:56<257:23:19, 190.93s/it]
  3%|▎         | 148/5000 [7:52:07<257:17:20, 190.90s/it]
  3%|▎         | 149/5000 [7:55:18<257:22:41, 191.00s/it]
  3%|▎         | 150/5000 [7:58:29<257:06:00, 190.84s/it]
  3%|▎         | 151/5000 [8:01:39<257:00:21, 190.81s/it]
  3%|▎         | 152/5000 [8:04:50<256:59:40, 190.84s/it]
  3%|▎         | 153/5000 [8:08:01<256:56:08, 190.83s/it]
  3%|▎         | 154/5000 [8:11:12<256:53:44, 190.84s/it]
  3%|▎         | 155/5000 [8:14:23<256:52:58, 190.87s/it]
  3%|▎         | 156/5000 [8:17:34<256:58:38, 190.98s/it]
  3%|▎         | 157/5000 [8:20:45<256:49:26, 190.91s/it]
  3%|▎         | 158/5000 [8:23:55<256:23:05, 190.62s/it]
  3%|▎         | 159/5000 [8:27:06<256:23:18, 190.66s/it]
  3%|▎         | 160/5000 [8:30:20<257:40:27, 191.66s/it]
  3%|▎         | 161/5000 [8:33:32<257:52:12, 191.84s/it]Epoch [161/5000], Loss: 0.0677
Accuracy on test set: 56.49%
F1 Score: 0.5517
-----------------------------

  3%|▎         | 162/5000 [8:36:42<257:09:41, 191.36s/it]
  3%|▎         | 163/5000 [8:39:53<256:46:14, 191.10s/it]
  3%|▎         | 164/5000 [8:43:03<256:30:54, 190.95s/it]
  3%|▎         | 165/5000 [8:46:15<256:46:11, 191.18s/it]
  3%|▎         | 166/5000 [8:49:25<256:22:18, 190.93s/it]
  3%|▎         | 167/5000 [8:52:37<256:30:17, 191.07s/it]
  3%|▎         | 168/5000 [8:55:47<256:06:59, 190.82s/it]
  3%|▎         | 169/5000 [8:58:57<255:48:27, 190.62s/it]
  3%|▎         | 170/5000 [9:02:08<255:48:13, 190.66s/it]
  3%|▎         | 171/5000 [9:05:19<255:51:50, 190.75s/it]
  3%|▎         | 172/5000 [9:08:29<255:48:47, 190.75s/it]
  3%|▎         | 173/5000 [9:11:40<255:49:45, 190.80s/it]
  3%|▎         | 174/5000 [9:14:51<255:35:50, 190.67s/it]
  4%|▎         | 175/5000 [9:18:01<255:12:51, 190.42s/it]
  4%|▎         | 176/5000 [9:21:11<255:18:27, 190.53s/it]
  4%|▎         | 177/5000 [9:24:22<255:29:28, 190.70s/it]
  4%|▎         | 178/5000 [9:27:34<255:37:17, 190.84s/it]
  4%|▎         | 179/5000 [9:30:45<255:39:06, 190.90s/it]
  4%|▎         | 180/5000 [9:33:56<255:53:57, 191.13s/it]
  4%|▎         | 181/5000 [9:37:08<256:09:34, 191.36s/it]Epoch [181/5000], Loss: 0.0580
Accuracy on test set: 56.73%
F1 Score: 0.5465
-----------------------------

  4%|▎         | 182/5000 [9:40:20<256:21:47, 191.55s/it]
  4%|▎         | 183/5000 [9:43:31<256:07:59, 191.42s/it]
  4%|▎         | 184/5000 [9:46:43<256:16:57, 191.57s/it]
  4%|▎         | 185/5000 [9:49:54<256:02:40, 191.44s/it]
  4%|▎         | 186/5000 [9:53:06<256:03:30, 191.49s/it]
  4%|▎         | 187/5000 [9:56:18<256:24:13, 191.78s/it]
  4%|▍         | 188/5000 [9:59:31<256:27:03, 191.86s/it]
  4%|▍         | 189/5000 [10:02:42<256:15:59, 191.76s/it]
  4%|▍         | 190/5000 [10:05:54<256:26:46, 191.93s/it]
  4%|▍         | 191/5000 [10:09:06<256:11:36, 191.79s/it]
  4%|▍         | 192/5000 [10:12:18<256:21:13, 191.95s/it]
  4%|▍         | 193/5000 [10:15:30<256:07:05, 191.81s/it]
  4%|▍         | 194/5000 [10:18:42<256:12:54, 191.92s/it]
  4%|▍         | 195/5000 [10:21:52<255:40:05, 191.55s/it]
  4%|▍         | 196/5000 [10:25:02<254:59:35, 191.09s/it]
  4%|▍         | 197/5000 [10:28:13<254:52:29, 191.04s/it]
  4%|▍         | 198/5000 [10:31:25<254:50:44, 191.05s/it]
  4%|▍         | 199/5000 [10:34:36<254:46:34, 191.04s/it]
  4%|▍         | 200/5000 [10:37:46<254:37:18, 190.97s/it]
  4%|▍         | 201/5000 [10:40:57<254:28:46, 190.90s/it]Epoch [201/5000], Loss: 0.0476
Accuracy on test set: 58.34%
F1 Score: 0.5642
-----------------------------

  4%|▍         | 202/5000 [10:44:09<255:02:11, 191.36s/it]
  4%|▍         | 203/5000 [10:47:21<255:07:25, 191.46s/it]
  4%|▍         | 204/5000 [10:50:33<255:08:33, 191.52s/it]
  4%|▍         | 205/5000 [10:53:45<255:15:09, 191.64s/it]
  4%|▍         | 206/5000 [10:56:56<255:06:53, 191.58s/it]
  4%|▍         | 207/5000 [11:00:07<254:45:48, 191.35s/it]
  4%|▍         | 208/5000 [11:03:19<254:54:23, 191.50s/it]
  4%|▍         | 209/5000 [11:06:30<254:44:44, 191.42s/it]
  4%|▍         | 210/5000 [11:09:42<254:43:01, 191.44s/it]
  4%|▍         | 211/5000 [11:12:53<254:51:00, 191.58s/it]
  4%|▍         | 212/5000 [11:16:05<254:57:52, 191.70s/it]
  4%|▍         | 213/5000 [11:19:17<254:49:36, 191.64s/it]
  4%|▍         | 214/5000 [11:22:28<254:32:20, 191.46s/it]
  4%|▍         | 215/5000 [11:25:38<253:56:48, 191.06s/it]
  4%|▍         | 216/5000 [11:28:48<253:27:38, 190.73s/it]
  4%|▍         | 217/5000 [11:31:59<253:19:45, 190.67s/it]
  4%|▍         | 218/5000 [11:35:10<253:21:39, 190.74s/it]
  4%|▍         | 219/5000 [11:38:20<253:13:49, 190.68s/it]
  4%|▍         | 220/5000 [11:41:31<253:05:48, 190.62s/it]
  4%|▍         | 221/5000 [11:44:42<253:11:57, 190.73s/it]Epoch [221/5000], Loss: 0.0516
Accuracy on test set: 57.28%
F1 Score: 0.5521
-----------------------------

  4%|▍         | 222/5000 [11:47:52<253:04:36, 190.68s/it]
  4%|▍         | 223/5000 [11:51:03<253:00:13, 190.67s/it]
  4%|▍         | 224/5000 [11:54:14<253:20:22, 190.96s/it]
  4%|▍         | 225/5000 [11:57:25<253:14:21, 190.92s/it]
  5%|▍         | 226/5000 [12:00:36<253:12:15, 190.94s/it]
  5%|▍         | 227/5000 [12:03:47<253:16:29, 191.03s/it]
  5%|▍         | 228/5000 [12:06:59<253:20:43, 191.12s/it]
  5%|▍         | 229/5000 [12:10:10<253:19:25, 191.15s/it]
  5%|▍         | 230/5000 [12:13:21<253:23:41, 191.24s/it]
  5%|▍         | 231/5000 [12:16:33<253:34:13, 191.41s/it]
  5%|▍         | 232/5000 [12:19:44<253:21:58, 191.30s/it]
  5%|▍         | 233/5000 [12:22:55<253:13:23, 191.23s/it]
  5%|▍         | 234/5000 [12:26:07<253:09:31, 191.22s/it]
  5%|▍         | 235/5000 [12:29:19<253:44:22, 191.70s/it]
  5%|▍         | 236/5000 [12:32:32<254:03:23, 191.98s/it]
  5%|▍         | 237/5000 [12:35:44<253:50:54, 191.87s/it]
  5%|▍         | 238/5000 [12:38:54<253:21:44, 191.54s/it]
  5%|▍         | 239/5000 [12:42:06<253:26:10, 191.63s/it]
  5%|▍         | 240/5000 [12:45:19<253:42:03, 191.87s/it]
  5%|▍         | 241/5000 [12:48:31<253:40:59, 191.90s/it]Epoch [241/5000], Loss: 0.0492
Accuracy on test set: 58.17%
F1 Score: 0.5627
-----------------------------

  5%|▍         | 242/5000 [12:51:42<253:30:02, 191.80s/it]
  5%|▍         | 243/5000 [12:54:54<253:25:42, 191.79s/it]
  5%|▍         | 244/5000 [12:58:05<252:54:06, 191.43s/it]
  5%|▍         | 245/5000 [13:01:17<253:12:34, 191.70s/it]
  5%|▍         | 246/5000 [13:04:29<253:08:44, 191.70s/it]
  5%|▍         | 247/5000 [13:07:40<253:06:46, 191.71s/it]
  5%|▍         | 248/5000 [13:10:52<252:51:07, 191.55s/it]
  5%|▍         | 249/5000 [13:14:03<252:39:04, 191.44s/it]
  5%|▌         | 250/5000 [13:17:14<252:29:23, 191.36s/it]
  5%|▌         | 251/5000 [13:20:25<252:16:03, 191.23s/it]
  5%|▌         | 252/5000 [13:23:36<252:06:29, 191.15s/it]
  5%|▌         | 253/5000 [13:26:46<251:48:35, 190.97s/it]
  5%|▌         | 254/5000 [13:29:57<251:34:27, 190.83s/it]
  5%|▌         | 255/5000 [13:33:07<251:23:25, 190.73s/it]
  5%|▌         | 256/5000 [13:36:18<251:09:22, 190.59s/it]
  5%|▌         | 257/5000 [13:39:28<251:06:00, 190.59s/it]
  5%|▌         | 258/5000 [13:42:39<251:01:51, 190.58s/it]
  5%|▌         | 259/5000 [13:45:48<250:38:29, 190.32s/it]
  5%|▌         | 260/5000 [13:48:59<250:38:00, 190.35s/it]
  5%|▌         | 261/5000 [13:52:10<251:03:05, 190.71s/it]Epoch [261/5000], Loss: 0.0413
Accuracy on test set: 57.48%
F1 Score: 0.5593
-----------------------------

  5%|▌         | 262/5000 [13:55:21<251:03:02, 190.75s/it]
  5%|▌         | 263/5000 [13:58:32<251:07:27, 190.85s/it]
  5%|▌         | 264/5000 [14:01:43<250:55:58, 190.74s/it]
  5%|▌         | 265/5000 [14:04:53<250:49:12, 190.70s/it]
  5%|▌         | 266/5000 [14:08:04<250:45:20, 190.69s/it]
  5%|▌         | 267/5000 [14:11:16<251:06:08, 190.99s/it]
  5%|▌         | 268/5000 [14:14:26<250:48:56, 190.81s/it]
  5%|▌         | 269/5000 [14:17:37<250:39:34, 190.74s/it]
  5%|▌         | 270/5000 [14:20:47<250:24:37, 190.59s/it]
  5%|▌         | 271/5000 [14:23:57<250:11:16, 190.46s/it]
  5%|▌         | 272/5000 [14:27:08<250:08:09, 190.46s/it]
  5%|▌         | 273/5000 [14:30:18<250:00:20, 190.40s/it]
  5%|▌         | 274/5000 [14:33:29<250:19:15, 190.68s/it]
  6%|▌         | 275/5000 [14:36:40<250:16:34, 190.69s/it]
  6%|▌         | 276/5000 [14:39:50<250:03:57, 190.57s/it]
  6%|▌         | 277/5000 [14:43:00<249:52:32, 190.46s/it]
  6%|▌         | 278/5000 [14:46:11<249:46:36, 190.43s/it]
  6%|▌         | 279/5000 [14:49:21<249:47:35, 190.48s/it]
  6%|▌         | 280/5000 [14:52:32<249:42:52, 190.46s/it]
  6%|▌         | 281/5000 [14:55:42<249:34:18, 190.39s/it]Epoch [281/5000], Loss: 0.0398
Accuracy on test set: 56.88%
F1 Score: 0.5556
-----------------------------

  6%|▌         | 282/5000 [14:58:52<249:31:44, 190.40s/it]
  6%|▌         | 283/5000 [15:02:04<250:07:09, 190.89s/it]
  6%|▌         | 284/5000 [15:05:16<250:21:49, 191.12s/it]
  6%|▌         | 285/5000 [15:08:27<250:23:58, 191.19s/it]
  6%|▌         | 286/5000 [15:11:38<250:12:43, 191.08s/it]
  6%|▌         | 287/5000 [15:14:49<249:58:23, 190.94s/it]
  6%|▌         | 288/5000 [15:18:02<250:34:59, 191.45s/it]
  6%|▌         | 289/5000 [15:21:15<251:12:02, 191.96s/it]
  6%|▌         | 290/5000 [15:24:27<251:21:31, 192.12s/it]
  6%|▌         | 291/5000 [15:27:39<251:18:48, 192.13s/it]
  6%|▌         | 292/5000 [15:30:51<250:56:17, 191.88s/it]
  6%|▌         | 293/5000 [15:34:02<250:43:55, 191.76s/it]
  6%|▌         | 294/5000 [15:37:15<251:12:28, 192.17s/it]
  6%|▌         | 295/5000 [15:40:28<251:21:36, 192.33s/it]
  6%|▌         | 296/5000 [15:43:40<251:22:42, 192.38s/it]
  6%|▌         | 297/5000 [15:46:53<251:19:23, 192.38s/it]
  6%|▌         | 298/5000 [15:50:05<251:00:11, 192.18s/it]
  6%|▌         | 299/5000 [15:53:17<251:15:59, 192.42s/it]
  6%|▌         | 300/5000 [15:56:30<251:23:54, 192.56s/it]
  6%|▌         | 301/5000 [15:59:42<250:54:57, 192.23s/it]Epoch [301/5000], Loss: 0.0370
Accuracy on test set: 58.16%
F1 Score: 0.5650
-----------------------------

  6%|▌         | 302/5000 [16:02:53<250:32:24, 191.98s/it]
  6%|▌         | 303/5000 [16:06:04<250:10:31, 191.75s/it]
  6%|▌         | 304/5000 [16:09:17<250:22:50, 191.94s/it]
  6%|▌         | 305/5000 [16:12:29<250:20:28, 191.95s/it]
  6%|▌         | 306/5000 [16:15:39<249:40:20, 191.48s/it]
  6%|▌         | 307/5000 [16:18:51<249:40:37, 191.53s/it]
  6%|▌         | 308/5000 [16:22:02<249:25:16, 191.37s/it]
  6%|▌         | 309/5000 [16:25:15<249:59:26, 191.85s/it]
  6%|▌         | 310/5000 [16:28:27<249:59:35, 191.89s/it]
  6%|▌         | 311/5000 [16:31:39<249:58:19, 191.92s/it]
  6%|▌         | 312/5000 [16:34:50<249:48:16, 191.83s/it]
  6%|▋         | 313/5000 [16:38:02<249:34:38, 191.70s/it]
  6%|▋         | 314/5000 [16:41:15<249:55:21, 192.00s/it]
  6%|▋         | 315/5000 [16:44:27<250:00:35, 192.11s/it]
  6%|▋         | 316/5000 [16:47:39<250:04:58, 192.21s/it]
  6%|▋         | 317/5000 [16:50:51<249:50:01, 192.06s/it]
  6%|▋         | 318/5000 [16:54:03<249:52:18, 192.13s/it]
  6%|▋         | 319/5000 [16:57:16<249:51:21, 192.16s/it]
  6%|▋         | 320/5000 [17:00:28<249:46:57, 192.14s/it]
  6%|▋         | 321/5000 [17:03:38<249:11:44, 191.73s/it]Epoch [321/5000], Loss: 0.0345
Accuracy on test set: 57.75%
F1 Score: 0.5621
-----------------------------

  6%|▋         | 322/5000 [17:06:50<248:54:01, 191.54s/it]
  6%|▋         | 323/5000 [17:10:01<248:56:23, 191.62s/it]
  6%|▋         | 324/5000 [17:13:14<249:23:00, 192.00s/it]
  6%|▋         | 325/5000 [17:16:26<249:06:28, 191.83s/it]
  7%|▋         | 326/5000 [17:19:37<249:03:31, 191.83s/it]
  7%|▋         | 327/5000 [17:22:49<248:48:47, 191.68s/it]
  7%|▋         | 328/5000 [17:26:00<248:31:35, 191.50s/it]
  7%|▋         | 329/5000 [17:29:12<248:50:04, 191.78s/it]
  7%|▋         | 330/5000 [17:32:25<249:18:48, 192.19s/it]
  7%|▋         | 331/5000 [17:35:39<249:35:56, 192.45s/it]
  7%|▋         | 332/5000 [17:38:50<249:10:15, 192.16s/it]
  7%|▋         | 333/5000 [17:42:01<248:44:33, 191.87s/it]
  7%|▋         | 334/5000 [17:45:14<249:13:22, 192.29s/it]
  7%|▋         | 335/5000 [17:48:27<249:24:42, 192.47s/it]
  7%|▋         | 336/5000 [17:51:40<249:16:33, 192.41s/it]
  7%|▋         | 337/5000 [17:54:50<248:25:01, 191.79s/it]
  7%|▋         | 338/5000 [17:58:02<248:28:07, 191.87s/it]
  7%|▋         | 339/5000 [18:01:15<248:42:50, 192.10s/it]
  7%|▋         | 340/5000 [18:04:27<248:41:34, 192.12s/it]
  7%|▋         | 341/5000 [18:07:39<248:34:56, 192.08s/it]Epoch [341/5000], Loss: 0.0328
Accuracy on test set: 57.05%
F1 Score: 0.5544
-----------------------------

  7%|▋         | 342/5000 [18:10:50<248:15:00, 191.86s/it]
  7%|▋         | 343/5000 [18:14:01<247:37:32, 191.42s/it]
  7%|▋         | 344/5000 [18:17:12<247:39:05, 191.48s/it]
  7%|▋         | 345/5000 [18:20:24<247:49:32, 191.66s/it]
  7%|▋         | 346/5000 [18:23:37<248:12:08, 191.99s/it]
  7%|▋         | 347/5000 [18:26:48<247:56:32, 191.83s/it]
  7%|▋         | 348/5000 [18:30:00<247:47:14, 191.75s/it]
  7%|▋         | 349/5000 [18:33:13<248:00:33, 191.97s/it]
  7%|▋         | 350/5000 [18:36:25<248:06:11, 192.08s/it]
  7%|▋         | 351/5000 [18:39:37<248:11:36, 192.19s/it]
  7%|▋         | 352/5000 [18:42:49<247:57:09, 192.05s/it]
  7%|▋         | 353/5000 [18:46:00<247:19:01, 191.59s/it]
  7%|▋         | 354/5000 [18:49:12<247:37:35, 191.88s/it]
  7%|▋         | 355/5000 [18:52:24<247:32:56, 191.86s/it]
  7%|▋         | 356/5000 [18:55:35<247:13:24, 191.65s/it]
  7%|▋         | 357/5000 [18:58:46<246:57:46, 191.49s/it]
  7%|▋         | 358/5000 [19:01:57<246:36:57, 191.26s/it]
  7%|▋         | 359/5000 [19:05:07<246:17:38, 191.05s/it]
  7%|▋         | 360/5000 [19:08:19<246:18:40, 191.10s/it]
  7%|▋         | 361/5000 [19:11:30<246:23:14, 191.20s/it]Epoch [361/5000], Loss: 0.0341
Accuracy on test set: 57.66%
F1 Score: 0.5587
-----------------------------

  7%|▋         | 362/5000 [19:14:41<246:07:31, 191.04s/it]
  7%|▋         | 363/5000 [19:17:52<246:01:08, 191.00s/it]
  7%|▋         | 364/5000 [19:21:03<246:07:34, 191.12s/it]
  7%|▋         | 365/5000 [19:24:15<246:17:56, 191.30s/it]
  7%|▋         | 366/5000 [19:27:27<246:27:40, 191.47s/it]
  7%|▋         | 367/5000 [19:30:38<246:31:36, 191.56s/it]
  7%|▋         | 368/5000 [19:33:49<246:01:06, 191.21s/it]
  7%|▋         | 369/5000 [19:36:59<245:33:45, 190.89s/it]
  7%|▋         | 370/5000 [19:40:09<245:21:39, 190.78s/it]
  7%|▋         | 371/5000 [19:43:20<245:17:33, 190.77s/it]
  7%|▋         | 372/5000 [19:46:30<244:57:36, 190.55s/it]
  7%|▋         | 373/5000 [19:49:41<245:02:18, 190.65s/it]
  7%|▋         | 374/5000 [19:52:51<244:39:55, 190.40s/it]
  8%|▊         | 375/5000 [19:56:01<244:20:17, 190.19s/it]
  8%|▊         | 376/5000 [19:59:12<244:41:43, 190.51s/it]
  8%|▊         | 377/5000 [20:02:23<244:59:51, 190.78s/it]
  8%|▊         | 378/5000 [20:05:35<245:13:38, 191.00s/it]
  8%|▊         | 379/5000 [20:08:45<244:58:20, 190.85s/it]
  8%|▊         | 380/5000 [20:11:55<244:28:29, 190.50s/it]
  8%|▊         | 381/5000 [20:15:06<244:41:16, 190.71s/it]Epoch [381/5000], Loss: 0.0256
Accuracy on test set: 57.85%
F1 Score: 0.5601
-----------------------------

  8%|▊         | 382/5000 [20:18:16<244:26:14, 190.55s/it]
  8%|▊         | 383/5000 [20:21:28<244:43:34, 190.82s/it]
  8%|▊         | 384/5000 [20:24:38<244:28:38, 190.67s/it]
  8%|▊         | 385/5000 [20:27:49<244:25:39, 190.67s/it]
  8%|▊         | 386/5000 [20:31:01<244:58:18, 191.14s/it]
  8%|▊         | 387/5000 [20:34:14<245:39:08, 191.71s/it]
  8%|▊         | 388/5000 [20:37:25<245:23:32, 191.55s/it]
  8%|▊         | 389/5000 [20:40:37<245:23:19, 191.59s/it]
  8%|▊         | 390/5000 [20:43:48<245:05:16, 191.39s/it]
  8%|▊         | 391/5000 [20:46:59<245:01:06, 191.38s/it]
  8%|▊         | 392/5000 [20:50:11<244:55:33, 191.35s/it]
  8%|▊         | 393/5000 [20:53:21<244:37:12, 191.15s/it]
  8%|▊         | 394/5000 [20:56:33<244:41:53, 191.25s/it]
  8%|▊         | 395/5000 [20:59:45<244:55:07, 191.47s/it]
  8%|▊         | 396/5000 [21:02:55<244:30:36, 191.19s/it]
  8%|▊         | 397/5000 [21:06:06<244:25:23, 191.16s/it]
  8%|▊         | 398/5000 [21:09:17<244:02:10, 190.90s/it]
  8%|▊         | 399/5000 [21:12:28<244:06:30, 191.00s/it]
  8%|▊         | 400/5000 [21:15:39<243:57:37, 190.93s/it]
  8%|▊         | 401/5000 [21:18:50<244:15:28, 191.20s/it]Epoch [401/5000], Loss: 0.0292
Accuracy on test set: 57.00%
F1 Score: 0.5540
-----------------------------

  8%|▊         | 402/5000 [21:22:02<244:11:57, 191.20s/it]
  8%|▊         | 403/5000 [21:25:13<244:08:55, 191.20s/it]
  8%|▊         | 404/5000 [21:28:25<244:31:35, 191.54s/it]
  8%|▊         | 405/5000 [21:31:37<244:43:28, 191.73s/it]
  8%|▊         | 406/5000 [21:34:49<244:39:01, 191.72s/it]
  8%|▊         | 407/5000 [21:38:01<244:41:36, 191.79s/it]
  8%|▊         | 408/5000 [21:41:12<244:23:24, 191.60s/it]
  8%|▊         | 409/5000 [21:44:23<243:55:10, 191.27s/it]
  8%|▊         | 410/5000 [21:47:34<243:49:29, 191.24s/it]
  8%|▊         | 411/5000 [21:50:45<243:40:33, 191.16s/it]
  8%|▊         | 412/5000 [21:53:55<243:17:21, 190.90s/it]
  8%|▊         | 413/5000 [21:57:06<243:12:50, 190.88s/it]
  8%|▊         | 414/5000 [22:00:16<242:55:34, 190.70s/it]
  8%|▊         | 415/5000 [22:03:27<243:04:29, 190.85s/it]
  8%|▊         | 416/5000 [22:06:38<243:01:52, 190.86s/it]
  8%|▊         | 417/5000 [22:09:48<242:37:25, 190.58s/it]
  8%|▊         | 418/5000 [22:12:59<242:41:02, 190.67s/it]
  8%|▊         | 419/5000 [22:16:10<242:39:46, 190.70s/it]
  8%|▊         | 420/5000 [22:19:20<242:34:13, 190.67s/it]
  8%|▊         | 421/5000 [22:22:32<242:54:55, 190.98s/it]Epoch [421/5000], Loss: 0.0263
Accuracy on test set: 57.02%
F1 Score: 0.5507
-----------------------------

  8%|▊         | 422/5000 [22:25:41<242:14:32, 190.49s/it]
  8%|▊         | 423/5000 [22:28:51<241:52:55, 190.25s/it]
  8%|▊         | 424/5000 [22:32:01<241:48:55, 190.24s/it]
  8%|▊         | 425/5000 [22:35:12<241:55:05, 190.36s/it]
  9%|▊         | 426/5000 [22:38:22<241:53:42, 190.39s/it]
  9%|▊         | 427/5000 [22:41:33<242:04:13, 190.57s/it]
  9%|▊         | 428/5000 [22:44:43<241:45:56, 190.37s/it]
  9%|▊         | 429/5000 [22:47:54<241:48:33, 190.44s/it]
  9%|▊         | 430/5000 [22:51:04<241:28:57, 190.23s/it]
  9%|▊         | 431/5000 [22:54:15<241:52:30, 190.58s/it]
  9%|▊         | 432/5000 [22:57:26<241:46:03, 190.53s/it]
  9%|▊         | 433/5000 [23:00:37<241:57:23, 190.73s/it]
  9%|▊         | 434/5000 [23:03:47<241:47:59, 190.64s/it]
  9%|▊         | 435/5000 [23:06:57<241:35:35, 190.52s/it]
  9%|▊         | 436/5000 [23:10:08<241:42:38, 190.66s/it]
  9%|▊         | 437/5000 [23:13:19<241:36:02, 190.61s/it]
  9%|▉         | 438/5000 [23:16:29<241:30:09, 190.58s/it]
  9%|▉         | 439/5000 [23:19:40<241:27:44, 190.59s/it]
  9%|▉         | 440/5000 [23:22:50<241:03:25, 190.31s/it]
  9%|▉         | 441/5000 [23:26:00<240:55:01, 190.24s/it]Epoch [441/5000], Loss: 0.0260
Accuracy on test set: 57.17%
F1 Score: 0.5590
-----------------------------

  9%|▉         | 442/5000 [23:29:10<241:02:24, 190.38s/it]
  9%|▉         | 443/5000 [23:32:21<241:10:47, 190.53s/it]
  9%|▉         | 444/5000 [23:35:31<240:55:01, 190.36s/it]
  9%|▉         | 445/5000 [23:38:41<240:27:58, 190.05s/it]
  9%|▉         | 446/5000 [23:41:50<240:16:28, 189.94s/it]
  9%|▉         | 447/5000 [23:45:00<239:59:57, 189.76s/it]
  9%|▉         | 448/5000 [23:48:11<240:22:58, 190.11s/it]
  9%|▉         | 449/5000 [23:51:21<240:30:28, 190.25s/it]
  9%|▉         | 450/5000 [23:54:31<240:24:40, 190.22s/it]
  9%|▉         | 451/5000 [23:57:41<240:13:51, 190.11s/it]
  9%|▉         | 452/5000 [24:00:51<240:14:30, 190.17s/it]
  9%|▉         | 453/5000 [24:04:02<240:24:47, 190.34s/it]
  9%|▉         | 454/5000 [24:07:13<240:39:18, 190.58s/it]
  9%|▉         | 455/5000 [24:10:24<240:34:48, 190.56s/it]
  9%|▉         | 456/5000 [24:13:35<240:37:43, 190.64s/it]
  9%|▉         | 457/5000 [24:16:45<240:16:52, 190.41s/it]
  9%|▉         | 458/5000 [24:19:55<240:08:13, 190.33s/it]
  9%|▉         | 459/5000 [24:23:05<240:00:20, 190.27s/it]
  9%|▉         | 460/5000 [24:26:15<239:53:54, 190.23s/it]
  9%|▉         | 461/5000 [24:29:25<239:54:46, 190.28s/it]Epoch [461/5000], Loss: 0.0269
Accuracy on test set: 57.55%
F1 Score: 0.5538
-----------------------------

  9%|▉         | 462/5000 [24:32:36<240:05:03, 190.46s/it]
  9%|▉         | 463/5000 [24:35:47<240:05:21, 190.51s/it]
  9%|▉         | 464/5000 [24:38:57<239:53:35, 190.39s/it]
  9%|▉         | 465/5000 [24:42:08<240:02:40, 190.55s/it]
  9%|▉         | 466/5000 [24:45:18<240:00:52, 190.57s/it]
  9%|▉         | 467/5000 [24:48:29<240:06:12, 190.68s/it]
  9%|▉         | 468/5000 [24:51:40<239:49:00, 190.50s/it]
  9%|▉         | 469/5000 [24:54:50<239:37:31, 190.39s/it]
  9%|▉         | 470/5000 [24:57:59<239:21:36, 190.22s/it]
  9%|▉         | 471/5000 [25:01:11<239:40:07, 190.51s/it]
  9%|▉         | 472/5000 [25:04:21<239:38:53, 190.53s/it]
  9%|▉         | 473/5000 [25:07:32<239:31:08, 190.47s/it]
  9%|▉         | 474/5000 [25:10:42<239:21:22, 190.39s/it]
 10%|▉         | 475/5000 [25:13:52<239:18:09, 190.38s/it]
 10%|▉         | 476/5000 [25:17:02<238:53:09, 190.09s/it]
 10%|▉         | 477/5000 [25:20:11<238:41:17, 189.98s/it]
 10%|▉         | 478/5000 [25:23:21<238:34:48, 189.94s/it]
 10%|▉         | 479/5000 [25:26:31<238:37:38, 190.02s/it]
 10%|▉         | 480/5000 [25:29:42<238:44:53, 190.15s/it]
 10%|▉         | 481/5000 [25:32:52<238:50:00, 190.26s/it]Epoch [481/5000], Loss: 0.0229
Accuracy on test set: 57.54%
F1 Score: 0.5550
-----------------------------

 10%|▉         | 482/5000 [25:36:02<238:43:27, 190.22s/it]
 10%|▉         | 483/5000 [25:39:13<238:47:27, 190.31s/it]
 10%|▉         | 484/5000 [25:42:23<238:36:02, 190.20s/it]
 10%|▉         | 485/5000 [25:45:34<238:48:03, 190.41s/it]
 10%|▉         | 486/5000 [25:48:43<238:17:26, 190.04s/it]
 10%|▉         | 487/5000 [25:51:53<238:08:54, 189.97s/it]
 10%|▉         | 488/5000 [25:55:03<238:06:10, 189.98s/it]
 10%|▉         | 489/5000 [25:58:12<237:57:21, 189.90s/it]
 10%|▉         | 490/5000 [26:01:24<238:38:14, 190.49s/it]
 10%|▉         | 491/5000 [26:04:35<238:46:22, 190.64s/it]
 10%|▉         | 492/5000 [26:07:46<238:49:57, 190.73s/it]
 10%|▉         | 493/5000 [26:10:57<238:37:04, 190.60s/it]
 10%|▉         | 494/5000 [26:14:06<238:11:11, 190.30s/it]
 10%|▉         | 495/5000 [26:17:16<238:07:19, 190.29s/it]
 10%|▉         | 496/5000 [26:20:27<238:02:56, 190.27s/it]
 10%|▉         | 497/5000 [26:23:37<238:06:48, 190.36s/it]
 10%|▉         | 498/5000 [26:26:46<237:37:50, 190.02s/it]
 10%|▉         | 499/5000 [26:29:56<237:22:02, 189.85s/it]
 10%|█         | 500/5000 [26:33:06<237:15:18, 189.80s/it]
 10%|█         | 501/5000 [26:36:16<237:24:39, 189.97s/it]Epoch [501/5000], Loss: 0.0231
Accuracy on test set: 58.01%
F1 Score: 0.5601
-----------------------------

 10%|█         | 502/5000 [26:39:26<237:19:22, 189.94s/it]
 10%|█         | 503/5000 [26:42:36<237:30:12, 190.13s/it]
 10%|█         | 504/5000 [26:45:47<237:27:29, 190.14s/it]
 10%|█         | 505/5000 [26:48:56<237:19:54, 190.08s/it]
 10%|█         | 506/5000 [26:52:06<236:59:27, 189.85s/it]
 10%|█         | 507/5000 [26:55:16<237:08:00, 190.00s/it]
 10%|█         | 508/5000 [26:58:27<237:14:37, 190.13s/it]
 10%|█         | 509/5000 [27:01:37<237:21:48, 190.27s/it]
 10%|█         | 510/5000 [27:04:47<237:01:47, 190.05s/it]
 10%|█         | 511/5000 [27:07:57<236:53:50, 189.98s/it]
 10%|█         | 512/5000 [27:11:06<236:48:20, 189.95s/it]
 10%|█         | 513/5000 [27:14:17<237:02:16, 190.18s/it]
 10%|█         | 514/5000 [27:17:27<237:01:51, 190.22s/it]
 10%|█         | 515/5000 [27:20:37<236:47:27, 190.07s/it]
 10%|█         | 516/5000 [27:23:47<236:49:21, 190.13s/it]
 10%|█         | 517/5000 [27:26:58<236:46:50, 190.14s/it]
 10%|█         | 518/5000 [27:30:08<236:38:17, 190.07s/it]
 10%|█         | 519/5000 [27:33:18<236:42:23, 190.17s/it]
 10%|█         | 520/5000 [27:36:28<236:29:25, 190.04s/it]
 10%|█         | 521/5000 [27:39:38<236:33:25, 190.13s/it]Epoch [521/5000], Loss: 0.0248
Accuracy on test set: 56.61%
F1 Score: 0.5466
-----------------------------

 10%|█         | 522/5000 [27:42:48<236:31:15, 190.15s/it]
 10%|█         | 523/5000 [27:45:58<236:19:11, 190.03s/it]
 10%|█         | 524/5000 [27:49:09<236:34:05, 190.27s/it]
 10%|█         | 525/5000 [27:52:20<236:54:38, 190.59s/it]
 11%|█         | 526/5000 [27:55:31<236:52:12, 190.60s/it]
 11%|█         | 527/5000 [27:58:41<236:33:23, 190.39s/it]
 11%|█         | 528/5000 [28:01:50<236:18:53, 190.24s/it]
 11%|█         | 529/5000 [28:05:00<236:01:23, 190.04s/it]
 11%|█         | 530/5000 [28:08:11<236:22:00, 190.36s/it]
 11%|█         | 531/5000 [28:11:23<236:43:35, 190.69s/it]
 11%|█         | 532/5000 [28:14:33<236:41:32, 190.71s/it]
 11%|█         | 533/5000 [28:17:43<236:16:38, 190.42s/it]
 11%|█         | 534/5000 [28:20:54<236:16:15, 190.46s/it]
 11%|█         | 535/5000 [28:24:04<236:14:00, 190.47s/it]
 11%|█         | 536/5000 [28:27:15<236:18:07, 190.57s/it]
 11%|█         | 537/5000 [28:30:27<236:38:22, 190.88s/it]
 11%|█         | 538/5000 [28:33:37<236:30:50, 190.82s/it]
 11%|█         | 539/5000 [28:36:48<236:20:25, 190.73s/it]
 11%|█         | 540/5000 [28:39:58<236:04:03, 190.55s/it]
 11%|█         | 541/5000 [28:43:09<236:23:13, 190.85s/it]Epoch [541/5000], Loss: 0.0239
Accuracy on test set: 56.13%
F1 Score: 0.5402
-----------------------------

 11%|█         | 542/5000 [28:46:20<236:07:58, 190.69s/it]
 11%|█         | 543/5000 [28:49:30<235:54:55, 190.55s/it]
 11%|█         | 544/5000 [28:52:41<236:02:21, 190.70s/it]
 11%|█         | 545/5000 [28:55:51<235:47:21, 190.54s/it]
 11%|█         | 546/5000 [28:59:02<235:44:01, 190.53s/it]
 11%|█         | 547/5000 [29:02:13<235:49:33, 190.65s/it]
 11%|█         | 548/5000 [29:05:24<235:59:57, 190.83s/it]
 11%|█         | 549/5000 [29:08:34<235:37:49, 190.58s/it]
 11%|█         | 550/5000 [29:11:43<235:12:25, 190.28s/it]
 11%|█         | 551/5000 [29:14:54<235:11:07, 190.31s/it]
 11%|█         | 552/5000 [29:18:04<235:08:46, 190.32s/it]
 11%|█         | 553/5000 [29:21:15<235:18:51, 190.50s/it]
 11%|█         | 554/5000 [29:24:26<235:24:46, 190.62s/it]
 11%|█         | 555/5000 [29:27:36<235:08:15, 190.44s/it]
 11%|█         | 556/5000 [29:30:46<235:00:06, 190.37s/it]
 11%|█         | 557/5000 [29:33:57<234:58:03, 190.39s/it]
 11%|█         | 558/5000 [29:37:07<235:01:17, 190.47s/it]
 11%|█         | 559/5000 [29:40:18<235:01:43, 190.52s/it]
 11%|█         | 560/5000 [29:43:28<234:50:07, 190.41s/it]
 11%|█         | 561/5000 [29:46:39<234:47:51, 190.42s/it]Epoch [561/5000], Loss: 0.0197
Accuracy on test set: 58.17%
F1 Score: 0.5634
-----------------------------

 11%|█         | 562/5000 [29:49:49<234:36:40, 190.31s/it]
 11%|█▏        | 563/5000 [29:52:59<234:33:24, 190.31s/it]
 11%|█▏        | 564/5000 [29:56:09<234:27:38, 190.27s/it]
 11%|█▏        | 565/5000 [29:59:19<234:25:44, 190.29s/it]
 11%|█▏        | 566/5000 [30:02:30<234:31:01, 190.41s/it]
 11%|█▏        | 567/5000 [30:05:40<234:20:10, 190.30s/it]
 11%|█▏        | 568/5000 [30:08:51<234:24:29, 190.40s/it]
 11%|█▏        | 569/5000 [30:12:02<234:33:45, 190.57s/it]
 11%|█▏        | 570/5000 [30:15:13<234:41:26, 190.72s/it]
 11%|█▏        | 571/5000 [30:18:24<234:54:22, 190.94s/it]
 11%|█▏        | 572/5000 [30:21:35<234:38:52, 190.77s/it]
 11%|█▏        | 573/5000 [30:24:46<234:39:19, 190.82s/it]
 11%|█▏        | 574/5000 [30:27:56<234:32:47, 190.77s/it]
 12%|█▏        | 575/5000 [30:31:07<234:37:11, 190.88s/it]
 12%|█▏        | 576/5000 [30:34:18<234:18:56, 190.67s/it]
 12%|█▏        | 577/5000 [30:37:28<234:15:00, 190.66s/it]
 12%|█▏        | 578/5000 [30:40:38<234:00:43, 190.51s/it]
 12%|█▏        | 579/5000 [30:43:49<233:51:11, 190.43s/it]
 12%|█▏        | 580/5000 [30:46:58<233:32:20, 190.21s/it]
 12%|█▏        | 581/5000 [30:50:09<233:42:47, 190.40s/it]Epoch [581/5000], Loss: 0.0195
Accuracy on test set: 57.11%
F1 Score: 0.5535
-----------------------------

 12%|█▏        | 582/5000 [30:53:20<233:46:47, 190.50s/it]
 12%|█▏        | 583/5000 [30:56:31<233:47:33, 190.55s/it]
 12%|█▏        | 584/5000 [30:59:41<233:32:17, 190.38s/it]